<?xml version="1.0" encoding="UTF-8"?>
<testsuite name="CarServiceTest" tests="1" skipped="0" failures="0" errors="0" timestamp="2021-10-26T07:41:06" hostname="LAB216W-11" time="0.044">
  <properties/>
  <testcase name="registerClientCarShouldAddCarToClientAndReturnClient" classname="CarServiceTest" time="0.044"/>
  <system-out><![CDATA[]]></system-out>
  <system-err><![CDATA[]]></system-err>
</testsuite>
