<?xml version="1.0" encoding="UTF-8"?>
<testsuite name="spyExercise.EmployeeTest" tests="1" skipped="0" failures="0" errors="0" timestamp="2019-10-22T03:47:54" hostname="ZENGEL-PC" time="0.023">
  <properties/>
  <testcase name="employeeTest" classname="spyExercise.EmployeeTest" time="0.023"/>
  <system-out><![CDATA[asd Kowalski
]]></system-out>
  <system-err><![CDATA[]]></system-err>
</testsuite>
