<?xml version="1.0" encoding="UTF-8"?>
<testsuite name="captorExercise.CarGeneratorServiceTest" tests="1" skipped="0" failures="0" errors="0" timestamp="2019-10-22T03:47:54" hostname="ZENGEL-PC" time="0.001">
  <properties/>
  <testcase name="generateCarTest" classname="captorExercise.CarGeneratorServiceTest" time="0.001"/>
  <system-out><![CDATA[]]></system-out>
  <system-err><![CDATA[]]></system-err>
</testsuite>
